Determining if the pthread_create exist failed with the following output:
Change Dir: /home/abasso/Dropbox/Public/1. development/Informatica/8. DIBRIS/9. PCAD/Lab_1_bis/cmake-build-debug/CMakeFiles/CMakeTmp

Run Build Command:"/usr/bin/gmake" "cmTC_f3175/fast"
/usr/bin/gmake -f CMakeFiles/cmTC_f3175.dir/build.make CMakeFiles/cmTC_f3175.dir/build
gmake[1]: Entering directory `/home/abasso/Dropbox/Public/1. development/Informatica/8. DIBRIS/9. PCAD/Lab_1_bis/cmake-build-debug/CMakeFiles/CMakeTmp'
Building C object CMakeFiles/cmTC_f3175.dir/CheckSymbolExists.c.o
/usr/bin/cc   -std=gnu99 -o CMakeFiles/cmTC_f3175.dir/CheckSymbolExists.c.o   -c "/home/abasso/Dropbox/Public/1. development/Informatica/8. DIBRIS/9. PCAD/Lab_1_bis/cmake-build-debug/CMakeFiles/CMakeTmp/CheckSymbolExists.c"
Linking C executable cmTC_f3175
/home/abasso/bin/clion/bin/cmake/bin/cmake -E cmake_link_script CMakeFiles/cmTC_f3175.dir/link.txt --verbose=1
/usr/bin/cc      CMakeFiles/cmTC_f3175.dir/CheckSymbolExists.c.o  -o cmTC_f3175 
CMakeFiles/cmTC_f3175.dir/CheckSymbolExists.c.o: In function `main':
CheckSymbolExists.c:(.text+0x16): undefined reference to `pthread_create'
collect2: error: ld returned 1 exit status
gmake[1]: *** [cmTC_f3175] Error 1
gmake[1]: Leaving directory `/home/abasso/Dropbox/Public/1. development/Informatica/8. DIBRIS/9. PCAD/Lab_1_bis/cmake-build-debug/CMakeFiles/CMakeTmp'
gmake: *** [cmTC_f3175/fast] Error 2

File /home/abasso/Dropbox/Public/1. development/Informatica/8. DIBRIS/9. PCAD/Lab_1_bis/cmake-build-debug/CMakeFiles/CMakeTmp/CheckSymbolExists.c:
/* */
#include <pthread.h>

int main(int argc, char** argv)
{
  (void)argv;
#ifndef pthread_create
  return ((int*)(&pthread_create))[argc];
#else
  (void)argc;
  return 0;
#endif
}

Determining if the function pthread_create exists in the pthreads failed with the following output:
Change Dir: /home/abasso/Dropbox/Public/1. development/Informatica/8. DIBRIS/9. PCAD/Lab_1_bis/cmake-build-debug/CMakeFiles/CMakeTmp

Run Build Command:"/usr/bin/gmake" "cmTC_47686/fast"
/usr/bin/gmake -f CMakeFiles/cmTC_47686.dir/build.make CMakeFiles/cmTC_47686.dir/build
gmake[1]: Entering directory `/home/abasso/Dropbox/Public/1. development/Informatica/8. DIBRIS/9. PCAD/Lab_1_bis/cmake-build-debug/CMakeFiles/CMakeTmp'
Building C object CMakeFiles/cmTC_47686.dir/CheckFunctionExists.c.o
/usr/bin/cc   -DCHECK_FUNCTION_EXISTS=pthread_create   -std=gnu99 -o CMakeFiles/cmTC_47686.dir/CheckFunctionExists.c.o   -c /home/abasso/bin/clion/bin/cmake/share/cmake-3.9/Modules/CheckFunctionExists.c
Linking C executable cmTC_47686
/home/abasso/bin/clion/bin/cmake/bin/cmake -E cmake_link_script CMakeFiles/cmTC_47686.dir/link.txt --verbose=1
/usr/bin/cc  -DCHECK_FUNCTION_EXISTS=pthread_create    CMakeFiles/cmTC_47686.dir/CheckFunctionExists.c.o  -o cmTC_47686 -lpthreads 
/usr/bin/ld: cannot find -lpthreads
collect2: error: ld returned 1 exit status
gmake[1]: *** [cmTC_47686] Error 1
gmake[1]: Leaving directory `/home/abasso/Dropbox/Public/1. development/Informatica/8. DIBRIS/9. PCAD/Lab_1_bis/cmake-build-debug/CMakeFiles/CMakeTmp'
gmake: *** [cmTC_47686/fast] Error 2


